"../../../Engine/Content/Functions/Engine_MaterialFunctions01/Opacity/CameraDepthFade.uasset" 0
"../../../Engine/Content/EngineMaterials/T_Default_Material_Grid_M.uasset" 1
"../../../Engine/Content/EngineMaterials/T_Default_Material_Grid_N.uasset" 2
"../../../Engine/Content/EngineMaterials/DefaultMaterial.uasset" 3
"../../../Engine/Content/EngineMaterials/DefaultDiffuse.uasset" 4
"../../../Engine/Content/EngineMaterials/DefaultNormal.uasset" 5
"../../../Engine/Content/Maps/Entry.umap" 6
"../../../RoistoGame2/Content/Materials/M_Opacity_Blue.uasset" 7
"../../../Engine/Content/EngineMaterials/WorldGridMaterial.uasset" 8
"../../../Engine/Content/BasicShapes/Cube.uasset" 9
"../../../RoistoGame2/Content/Blueprints/Level/BP_InvisWall.uasset" 10
"../../../Engine/Content/BasicShapes/Cylinder.uasset" 11
"../../../RoistoGame2/Content/Blueprints/Level/BP_InvisWall_Cylinder.uasset" 12
"../../../Engine/Content/Functions/Engine_MaterialFunctions01/Gradient/LinearGradient.uasset" 13
"../../../RoistoGame2/Content/Materials/misc/MAT_Dissolve_PARAMS.uasset" 14
"../../../RoistoGame2/Content/Textures/Level/T_Rocks_Diff.uasset" 15
"../../../RoistoGame2/Content/Materials/misc/MAT_Dissolve.uasset" 16
"../../../RoistoGame2/Content/Materials/misc/MAT_Dissolve_INST.uasset" 17
"../../../RoistoGame2/Content/Textures/Misc/TEX_TriangleMask.uasset" 18
"../../../RoistoGame2/Content/Materials/misc/MAT_Dissolve_Particle.uasset" 19
"../../../RoistoGame2/Content/Particles/Misc/P_Dissolve.uasset" 20
"../../../RoistoGame2/Content/Blueprints/Misc/DissolveFunctionality.uasset" 21
"../../../RoistoGame2/Content/Materials/Boosts/MAT_Shield_PARAMS.uasset" 22
"../../../RoistoGame2/Content/Blueprints/Boosts/BP_Shield_Radius.uasset" 23
"../../../RoistoGame2/Content/Textures/Misc/TEX_bibes.uasset" 24
"../../../RoistoGame2/Content/Materials/Boosts/MAT_Shield.uasset" 25
"../../../RoistoGame2/Content/Materials/Boosts/MAT_Shield_INST.uasset" 26
"../../../RoistoGame2/Content/Models/Misc/halfbal.uasset" 27
"../../../RoistoGame2/Content/Blueprints/Boosts/BP_Shield.uasset" 28
"../../../Engine/Content/BasicShapes/BasicShapeMaterial.uasset" 29
"../../../RoistoGame2/Content/Blueprints/Player/PlayMode.uasset" 30
"../../../RoistoGame2/Content/Blueprints/Player/Player.uasset" 31
"../../../RoistoGame2/Content/Blueprints/Player/GM_InGame.uasset" 32
"../../../Engine/Content/BasicShapes/Sphere.uasset" 33
"../../../RoistoGame2/Content/Blueprints/PowerUps/PowerUpSpawner.uasset" 34
"../../../Engine/Content/EditorBlueprintResources/StandardMacros.uasset" 35
"../../../RoistoGame2/Content/Materials/Towers/MachineGun/MAT_Bullet.uasset" 36
"../../../Engine/Content/Functions/Engine_MaterialFunctions01/Density/ExponentialDensity.uasset" 37
"../../../Engine/Content/Functions/Engine_MaterialFunctions01/Gradient/RadialGradientExponential.uasset" 38
"../../../RoistoGame2/Content/Materials/M_Spark.uasset" 39
"../../../RoistoGame2/Content/Particles/Misc/P_Sparks_Once.uasset" 40
"../../../RoistoGame2/Content/Materials/Beam_MAT.uasset" 41
"../../../RoistoGame2/Content/Textures/spherical_normal.uasset" 42
"../../../RoistoGame2/Content/Materials/M_EmissiveSmoke.uasset" 43
"../../../RoistoGame2/Content/Particles/Towers/Machinegun/P_BulletTrail.uasset" 44
"../../../RoistoGame2/Content/Blueprints/Towers/DEBUG_Bullet1.uasset" 45
"../../../RoistoGame2/Content/Textures/T_MetalPlates.uasset" 46
"../../../RoistoGame2/Content/Materials/M_MetalPlates.uasset" 47
"../../../RoistoGame2/Content/Textures/splatter.uasset" 48
"../../../RoistoGame2/Content/Materials/M_Splatter.uasset" 49
"../../../RoistoGame2/Content/Models/Bullets/nuclearBomb.uasset" 50
"../../../RoistoGame2/Content/Materials/M_Explosion1_Refraction.uasset" 51
"../../../RoistoGame2/Content/Textures/muzzleside.uasset" 52
"../../../RoistoGame2/Content/Materials/M_ExplosionStretchLines.uasset" 53
"../../../RoistoGame2/Content/Materials/M_ShadedSmoke.uasset" 54
"../../../RoistoGame2/Content/Particles/P_Explosion.uasset" 55
"../../../RoistoGame2/Content/Particles/P_Rocket_SmokeTrail.uasset" 56
"../../../RoistoGame2/Content/Blueprints/Towers/DEBUG_Bullet2.uasset" 57
"../../../RoistoGame2/Content/Blueprints/Towers/Tower_MachineGun.uasset" 58
"../../../RoistoGame2/Content/Textures/Towers/hitmask.uasset" 59
"../../../RoistoGame2/Content/Textures/Towers/hitIndicator_Mat.uasset" 60
"../../../RoistoGame2/Content/Blueprints/Towers/Bombardier/DrawType.uasset" 61
"../../../RoistoGame2/Content/Models/Towers/_Cannon/barrel.uasset" 62
"../../../RoistoGame2/Content/Models/Towers/_Cannon/turret.uasset" 63
"../../../RoistoGame2/Content/Models/Towers/_Cannon/turret_gun.uasset" 64
"../../../RoistoGame2/Content/Models/Towers/_TowerBase/_Addons/addon1_diff.uasset" 65
"../../../RoistoGame2/Content/Models/Towers/_TowerBase/_Addons/addon1_norm.uasset" 66
"../../../RoistoGame2/Content/Models/Towers/_TowerBase/_Addons/addon1_diff_Mat.uasset" 67
"../../../RoistoGame2/Content/Models/Towers/_TowerBase/_Addons/Base_Addon1.uasset" 68
"../../../RoistoGame2/Content/Models/Towers/_TowerBase/_Addons/TEX_Base_Lamp_DIFF.uasset" 69
"../../../RoistoGame2/Content/Models/Towers/_TowerBase/_Addons/TEX_Base_Lamp_MASK.uasset" 70
"../../../RoistoGame2/Content/Models/Towers/_TowerBase/_Addons/TEX_Base_Lamp_NORM.uasset" 71
"../../../RoistoGame2/Content/Models/Towers/_TowerBase/_Addons/MAT_Base_Lamp.uasset" 72
"../../../RoistoGame2/Content/Models/Towers/_TowerBase/_Addons/Base_Lamp.uasset" 73
"../../../RoistoGame2/Content/Models/Towers/_TowerBase/TEX_Base_DIFF.uasset" 74
"../../../RoistoGame2/Content/Models/Towers/_TowerBase/TEX_Base_Norm.uasset" 75
"../../../RoistoGame2/Content/Models/Towers/_TowerBase/MAT_Base.uasset" 76
"../../../RoistoGame2/Content/Models/Towers/_TowerBase/Base.uasset" 77
"../../../RoistoGame2/Content/Particles/Beam.uasset" 78
"../../../RoistoGame2/Content/Particles/P_RocketLauncher_MuzzleBack.uasset" 79
"../../../RoistoGame2/Content/Blueprints/Towers/Bombardier/Tower_Bombardier_Follow.uasset" 80
"../../../RoistoGame2/Content/Models/Traps/gastrap.uasset" 81
"../../../RoistoGame2/Content/Textures/Particles/T_Smoke.uasset" 82
"../../../RoistoGame2/Content/Textures/Particles/M_Smoke.uasset" 83
"../../../RoistoGame2/Content/Particles/Gas.uasset" 84
"../../../RoistoGame2/Content/Particles/Gas2.uasset" 85
"../../../RoistoGame2/Content/Blueprints/Traps/DEBUG_Trap_Gas_Constant.uasset" 86
"../../../RoistoGame2/Content/Blueprints/Traps/DEBUG_Trap_Gas_Interval.uasset" 87
"../../../RoistoGame2/Content/Textures/Traps/Sirkels/TEX_Sirkel_Base_DIFF.uasset" 88
"../../../RoistoGame2/Content/Materials/Traps/Sirkel/MAT_Sirkel_Base.uasset" 89
"../../../RoistoGame2/Content/Models/Traps/Sirkel/sirkel_base.uasset" 90
"../../../RoistoGame2/Content/Textures/Traps/Sirkels/TEX_Sirkel_Holder_DIFF.uasset" 91
"../../../RoistoGame2/Content/Materials/Traps/Sirkel/MAT_Sirkel_Holder.uasset" 92
"../../../RoistoGame2/Content/Models/Traps/Sirkel/sirkel_holder.uasset" 93
"../../../RoistoGame2/Content/Models/Traps/Sirkel/sirkel_dif.uasset" 94
"../../../RoistoGame2/Content/Models/Traps/Sirkel/sirkel_norm1.uasset" 95
"../../../RoistoGame2/Content/Models/Traps/Sirkel/sikerlmar.uasset" 96
"../../../RoistoGame2/Content/Models/Traps/Sirkel/sirkels.uasset" 97
"../../../RoistoGame2/Content/Particles/Misc/P_Sparks.uasset" 98
"../../../RoistoGame2/Content/Blueprints/Traps/Trap_Sirkel.uasset" 99
"../../../RoistoGame2/Content/Blueprints/Traps/Sirkel_Bullet_Up.uasset" 100
"../../../RoistoGame2/Content/Blueprints/Traps/Trap_Sirkel2.uasset" 101
"../../../RoistoGame2/Content/Blueprints/Traps/Trap_Sirkel3.uasset" 102
"../../../RoistoGame2/Content/Textures/Level/T_gravel1_diff.uasset" 103
"../../../RoistoGame2/Content/Textures/Level/T_Gravel1_Norm.uasset" 104
"../../../RoistoGame2/Content/Materials/M_Track.uasset" 105
"../../../RoistoGame2/Content/Textures/Level/T_Rocks_Norm.uasset" 106
"../../../RoistoGame2/Content/Textures/Level/M_Rocks1_x2.uasset" 107
"../../../RoistoGame2/Content/Materials/M_Gravel1_x2.uasset" 108
"../../../RoistoGame2/Content/Models/Level/Ground.uasset" 109
"../../../RoistoGame2/Content/Models/Level/Ravine/platform.uasset" 110
"../../../RoistoGame2/Content/Models/Level/Ravine/rock1.uasset" 111
"../../../RoistoGame2/Content/Models/Level/Ravine/rock2.uasset" 112
"../../../RoistoGame2/Content/Models/Level/Ravine/Rock3.uasset" 113
"../../../RoistoGame2/Content/Models/Level/Ravine/Walls/Wall1.uasset" 114
"../../../RoistoGame2/Content/Models/Level/Ravine/Walls/Wall2.uasset" 115
"../../../RoistoGame2/Content/Models/Level/Ravine/Walls/Wall_kaari.uasset" 116
"../../../RoistoGame2/Content/Models/Level/Ravine/Walls/Wall_Pilar1.uasset" 117
"../../../RoistoGame2/Content/Textures/Level/track.uasset" 118
"../../../RoistoGame2/Content/Levels/L_Ravine.umap" 119
"../../../Engine/Content/EditorResources/S_Actor.uasset" 120
"../../../Engine/Content/EditorResources/S_Emitter.uasset" 121
"../../../Engine/Content/EditorResources/Bad.uasset" 122
"../../../Engine/Content/EditorResources/Bkgnd.uasset" 123
"../../../Engine/Content/EditorResources/BkgndHi.uasset" 124
"../../../Engine/Content/EditorMeshes/EditorCube.uasset" 125
"../../../Engine/Content/EditorMeshes/EditorSphere.uasset" 126
"../../../Engine/Content/EditorMeshes/EditorPlane.uasset" 127
"../../../Engine/Content/EditorMeshes/EditorCylinder.uasset" 128
"../../../Engine/Content/EngineFonts/Roboto.uasset" 129
"../../../Engine/Content/Maps/Templates/Thumbnails/Default.uasset" 130
"../../../Engine/Content/Functions/Engine_MaterialFunctions01/Shading/PowerToRoughness.uasset" 131
"../../../Engine/Content/EngineMaterials/DefaultDeferredDecalMaterial.uasset" 132
"../../../Engine/Content/EngineMaterials/DefaultLightFunctionMaterial.uasset" 133
"../../../Engine/Content/Functions/Engine_MaterialFunctions02/Utility/BreakOutFloat2Components.uasset" 134
"../../../Engine/Content/EngineMaterials/DefaultPostProcessMaterial.uasset" 135
"../../../Engine/Content/EditorMaterials/Thumbnails/SkySphereMaterial.uasset" 136
"../../../Engine/Content/EditorMeshes/EditorSkySphere.uasset" 137
"../../../Engine/Content/EngineMaterials/Grid.uasset" 138
"../../../Engine/Content/EditorMaterials/Thumbnails/FloorPlaneMaterial.uasset" 139
"../../../Engine/Content/MapTemplates/Sky/DaylightAmbientCubemap.uasset" 140
"../../../Engine/Content/EditorMaterials/ParticleSystems/PSysThumbnail_NoImage.uasset" 141
"../../../Engine/Content/EditorMaterials/ParticleSystems/PSysThumbnail_OOD.uasset" 142
"../../../Engine/Content/EditorResources/S_DecalActorIcon.uasset" 143
"../../../Engine/Content/EditorLandscapeResources/LandscapeGizmo_Mat.uasset" 144
"../../../Engine/Content/EditorLandscapeResources/LandscapeGizmo_Mat_Copied.uasset" 145
"../../../Engine/Content/EditorLandscapeResources/LandscapeGizmoHeight_Mat.uasset" 146
"../../../Engine/Content/EditorLandscapeResources/DataLayer.uasset" 147
"../../../Engine/Content/EditorResources/S_Terrain.uasset" 148
"../../../Engine/Content/EditorLandscapeResources/SplineEditorMeshMat.uasset" 149
"../../../Engine/Content/EditorLandscapeResources/SplineEditorMesh.uasset" 150
"../../../Engine/Content/Functions/Engine_MaterialFunctions02/Texturing/ScreenAlignedUVs.uasset" 151
"../../../Engine/Content/EngineResources/WhiteSquareTexture.uasset" 152
"../../../Engine/Content/EngineMaterials/Widget3DPassThrough.uasset" 153
"../../../Engine/Content/EngineMaterials/Widget3DPassThrough_Translucent.uasset" 154
"../../../Engine/Content/EngineMaterials/Widget3DPassThrough_Translucent_OneSided.uasset" 155
"../../../Engine/Content/EngineMaterials/Widget3DPassThrough_Opaque.uasset" 156
"../../../Engine/Content/EngineMaterials/Widget3DPassThrough_Opaque_OneSided.uasset" 157
"../../../Engine/Content/EngineMaterials/Widget3DPassThrough_Masked.uasset" 158
"../../../Engine/Content/EngineMaterials/Widget3DPassThrough_Masked_OneSided.uasset" 159
"../../../Engine/Content/EditorResources/MatineeCam_D.uasset" 160
"../../../Engine/Content/EditorMaterials/MatineeCam_mat.uasset" 161
"../../../Engine/Content/EditorMeshes/MatineeCam_SM.uasset" 162
"../../../Engine/Content/Functions/Engine_MaterialFunctions02/Utility/Sign.uasset" 163
"../../../Engine/Content/Functions/Engine_MaterialFunctions02/Utility/Round.uasset" 164
"../../../Engine/Content/Functions/Engine_MaterialFunctions02/ExampleContent/Textures/flipbook.uasset" 165
"../../../Engine/Content/Functions/Engine_MaterialFunctions02/Texturing/FlipBook.uasset" 166
"../../../Engine/Content/EditorResources/T_EditorHelp.uasset" 167
"../../../Engine/Content/EditorMaterials/HelpActorMaterial.uasset" 168
"../../../Engine/Content/EditorResources/S_ExpoHeightFog.uasset" 169
"../../../Engine/Content/EditorResources/S_NavP.uasset" 170
"../../../Engine/Content/EditorResources/S_Player.uasset" 171
"../../../Engine/Content/EditorResources/LightIcons/SkyLight.uasset" 172
"../../../Engine/Content/EditorResources/S_WindDirectional.uasset" 173
"../../../Engine/Content/EngineDamageTypes/DmgTypeBP_Environmental.uasset" 174
"../../../Engine/Content/EditorResources/LightIcons/S_LightDirectional.uasset" 175
"../../../Engine/Content/EditorResources/LightIcons/S_LightDirectionalMove.uasset" 176
"../../../Engine/Content/EditorResources/LightIcons/S_LightPoint.uasset" 177
"../../../Engine/Content/EditorResources/LightIcons/S_LightPointMove.uasset" 178
"../../../Engine/Content/EditorResources/LightIcons/S_LightSpot.uasset" 179
"../../../Engine/Content/EditorResources/LightIcons/S_LightSpotMove.uasset" 180
"../../../Engine/Content/EditorResources/MatInstActSprite.uasset" 181
"../../../Engine/Content/EditorResources/SceneManager.uasset" 182
"../../../Engine/Content/EditorResources/AI/S_NavLink.uasset" 183
"../../../Engine/Content/EditorResources/S_Note.uasset" 184
"../../../Engine/Content/EngineMeshes/Sphere.uasset" 185
"../../../Engine/Content/EditorResources/S_ReflActorIcon.uasset" 186
"../../../Engine/Content/EditorResources/S_Thruster.uasset" 187
"../../../Engine/Content/EditorResources/S_RadForce.uasset" 188
"../../../Engine/Content/EditorMaterials/TargetIcon.uasset" 189
"../../../Engine/Content/EngineFonts/RobotoDistanceField.uasset" 190
"../../../Engine/Content/EngineMaterials/DefaultTextMaterialOpaque.uasset" 191
"../../../Engine/Content/EditorResources/S_TextRenderActorIcon.uasset" 192
"../../../Engine/Content/EditorResources/S_Trigger.uasset" 193
"../../../Engine/Content/EditorResources/S_VectorFieldVol.uasset" 194
"../../../Engine/Content/EngineResources/GradientTexture0.uasset" 195
"../../../Engine/Content/EngineResources/Black.uasset" 196
"../../../Engine/Content/EditorMaterials/MatineeGroups/MAT_Groups_Float.uasset" 197
"../../../Engine/Content/EditorMaterials/MatineeGroups/MAT_Groups_Director.uasset" 198
"../../../Engine/Content/EditorMaterials/MatineeGroups/MAT_Groups_Event.uasset" 199
"../../../Engine/Content/EditorMaterials/MatineeGroups/MAT_Groups_Anim.uasset" 200
"../../../Engine/Content/EditorMaterials/MatineeGroups/MAT_Groups_Fade.uasset" 201
"../../../Engine/Content/EditorMaterials/MatineeGroups/MAT_Groups_Move.uasset" 202
"../../../Engine/Content/EditorMaterials/MatineeGroups/MAT_Groups_Slomo.uasset" 203
"../../../Engine/Content/EditorMaterials/MatineeGroups/MAT_ColorTrack.uasset" 204
"../../../Engine/Content/EditorMaterials/MAT_Groups_Toggle.uasset" 205
"../../../Engine/Content/EditorMaterials/MatineeGroups/MAT_Groups_AudioMaster.uasset" 206
"../../../Engine/Content/EditorMaterials/MatineeGroups/MAT_Groups_Sound.uasset" 207
"../../../Engine/Content/EditorMaterials/MatineeGroups/MAT_Groups_Vector.uasset" 208
"../../../Engine/Content/EditorMaterials/MAT_Groups_Visibility.uasset" 209
"../../../Engine/Content/EngineResources/DefaultTextureCube.uasset" 210
"../../../Engine/Content/EngineMeshes/Cylinder.uasset" 211
"../../../Engine/Content/EngineTireTypes/DefaultTireType.uasset" 212
"../../../Engine/Content/EditorResources/S_FTest.uasset" 213
"../../../Engine/Content/EngineResources/AICON-Red.uasset" 214
"../../../Engine/Content/EngineResources/AICON-Green.uasset" 215
"../../../Engine/Plugins/2D/Paper2D/Content/PlaceholderTextures/DummySpriteTexture.uasset" 216
"../../../Engine/Plugins/2D/Paper2D/Content/DefaultSpriteMaterial.uasset" 217
"../../../Engine/Plugins/2D/Paper2D/Content/MaskedUnlitSpriteMaterial.uasset" 218
"../../../Engine/Plugins/2D/Paper2D/Content/OpaqueUnlitSpriteMaterial.uasset" 219
"../../../Engine/Plugins/2D/Paper2D/Content/DummySprite.uasset" 220
"../../../Engine/Plugins/2D/Paper2D/Content/DefaultPaperTerrainMaterial.uasset" 221
"../../../Engine/Content/EditorSounds/Notifications/CompileSuccess.uasset" 222
"../../../Engine/Content/EditorSounds/Notifications/CompileStart_Cue.uasset" 223
"../../../Engine/Content/EditorSounds/Notifications/CompileSuccess_Cue.uasset" 224
"../../../Engine/Content/EditorSounds/Notifications/CompileFailed.uasset" 225
"../../../Engine/Content/EditorSounds/Notifications/CompileFailed_Cue.uasset" 226
"../../../Engine/Content/BufferVisualization/BaseColor.uasset" 227
"../../../Engine/Content/BufferVisualization/CustomDepth.uasset" 228
"../../../Engine/Content/Functions/Engine_MaterialFunctions02/Utility/MakeFloat2.uasset" 229
"../../../Engine/Content/Functions/Engine_MaterialFunctions02/Utility/MakeFloat3.uasset" 230
"../../../Engine/Content/EngineMaterials/MiniFont.uasset" 231
"../../../Engine/Content/BufferVisualization/CustomStencil.uasset" 232
"../../../Engine/Content/BufferVisualization/DecalMask.uasset" 233
"../../../Engine/Content/BufferVisualization/FinalImage.uasset" 234
"../../../Engine/Content/BufferVisualization/LightingModel.uasset" 235
"../../../Engine/Content/BufferVisualization/MaterialAO.uasset" 236
"../../../Engine/Content/BufferVisualization/Metallic.uasset" 237
"../../../Engine/Content/BufferVisualization/Opacity.uasset" 238
"../../../Engine/Content/BufferVisualization/Roughness.uasset" 239
"../../../Engine/Content/BufferVisualization/SceneColor.uasset" 240
"../../../Engine/Content/BufferVisualization/SceneDepth.uasset" 241
"../../../Engine/Content/BufferVisualization/SeparateTranslucencyRGB.uasset" 242
"../../../Engine/Content/BufferVisualization/SeparateTranslucencyA.uasset" 243
"../../../Engine/Content/BufferVisualization/Specular.uasset" 244
"../../../Engine/Content/BufferVisualization/SubsurfaceColor.uasset" 245
"../../../Engine/Content/BufferVisualization/WorldNormal.uasset" 246
"../../../Engine/Content/EngineMaterials/DefaultPhysicalMaterial.uasset" 247
"../../../Engine/Content/BufferVisualization/AmbientOcclusion.uasset" 248
"../../../Engine/Content/Functions/Engine_MaterialFunctions02/Utility/VectorLength.uasset" 249
"../../../Engine/Content/BufferVisualization/CustomDepthWorldUnits.uasset" 250
"../../../Engine/Content/BufferVisualization/SceneDepthWorldUnits.uasset" 251
"../../../Engine/Plugins/Runtime/LeapMotionController/Content/LM_CapsuleMesh.uasset" 252
"../../../Engine/Plugins/Runtime/LeapMotionController/Content/LM_TorusMesh.uasset" 253
"../../../Engine/Plugins/Runtime/LeapMotionController/Content/LM_HandColor.uasset" 254
"../../../Engine/Plugins/Runtime/LeapMotionController/Content/LM_SampleDistortion.uasset" 255
"../../../Engine/Plugins/Runtime/LeapMotionController/Content/LM_TestTexture.uasset" 256
"../../../Engine/Plugins/Runtime/LeapMotionController/Content/LM_PassthroughMaterial.uasset" 257
"../../../Engine/Content/EngineMaterials/HighResolutionScreenshotMaskFunction.uasset" 258
"../../../Engine/Content/EngineMaterials/HighResScreenshot.uasset" 259
"../../../Engine/Content/EngineMaterials/HighResScreenshotMask.uasset" 260
"../../../Engine/Content/EngineMaterials/HighResScreenshotCaptureRegion.uasset" 261
"../../../Engine/Content/EngineDebugMaterials/WireframeMaterial.uasset" 262
"../../../Engine/Content/Functions/Engine_MaterialFunctions01/Shading/ConvertFromDiffSpec.uasset" 263
"../../../Engine/Content/EngineDebugMaterials/LevelColorationLitMaterial.uasset" 264
"../../../Engine/Content/EngineDebugMaterials/LevelColorationUnlitMaterial.uasset" 265
"../../../Engine/Content/EngineMaterials/DefaultWhiteGrid.uasset" 266
"../../../Engine/Content/EngineDebugMaterials/MAT_LevelColorationLitLightmapUV.uasset" 267
"../../../Engine/Content/EngineDebugMaterials/ShadedLevelColorationLitMaterial.uasset" 268
"../../../Engine/Content/EngineDebugMaterials/ShadedLevelColorationUnlitMateri.uasset" 269
"../../../Engine/Content/EngineDebugMaterials/VertexColorMaterial.uasset" 270
"../../../Engine/Content/EngineDebugMaterials/VertexColorViewMode_ColorOnly.uasset" 271
"../../../Engine/Content/EngineDebugMaterials/VertexColorViewMode_AlphaAsColor.uasset" 272
"../../../Engine/Content/EngineDebugMaterials/VertexColorViewMode_RedOnly.uasset" 273
"../../../Engine/Content/EngineDebugMaterials/VertexColorViewMode_GreenOnly.uasset" 274
"../../../Engine/Content/EngineDebugMaterials/VertexColorViewMode_BlueOnly.uasset" 275
"../../../Engine/Content/EngineMaterials/RemoveSurfaceMaterial.uasset" 276
"../../../Engine/Content/EngineDebugMaterials/DebugMeshMaterial.uasset" 277
"../../../Engine/Content/EngineMaterials/InvalidLightmapSettings.uasset" 278
"../../../Engine/Content/EngineMaterials/M_InvalidLightmapSettings.uasset" 279
"../../../Engine/Content/EditorMaterials/GizmoMaterial.uasset" 280
"../../../Engine/Content/EngineDebugMaterials/GeomMaterial.uasset" 281
"../../../Engine/Content/EngineMaterials/EditorBrushMaterial.uasset" 282
"../../../Engine/Content/EngineDebugMaterials/HeatmapGradient.uasset" 283
"../../../Engine/Content/EngineDebugMaterials/BoneWeightMaterial.uasset" 284
"../../../Engine/Content/EditorMaterials/PreviewShadowIndicator.uasset" 285
"../../../Engine/Content/EditorMaterials/PreviewShadowIndicatorMaterial.uasset" 286
"../../../Engine/Content/EditorMaterials/PhAT_JointLimitMaterial.uasset" 287
"../../../Engine/Content/EditorResources/BSPVertex.uasset" 288
"../../../Engine/Content/EngineMaterials/DefaultBokeh.uasset" 289
"../../../Engine/Content/EngineMaterials/PreintegratedSkinBRDF.uasset" 290
"../../../Engine/Content/EngineMaterials/WeightMapPlaceholderTexture.uasset" 291
"../../../Engine/Content/EngineFonts/RobotoTiny.uasset" 292
"../../../Engine/Content/Tutorial/ContentIntroCurve.uasset" 293
"../../../Engine/Content/EditorMaterials/Cross.uasset" 294
"../../../Engine/Content/EditorMaterials/Cross_Mat.uasset" 295
"../../../Engine/Content/EditorMaterials/PhAT_BoneSelectedMaterial.uasset" 296
"../../../Engine/Content/EditorMaterials/PhAT_ElemSelectedMaterial.uasset" 297
"../../../Engine/Content/EditorMaterials/PhAT_NoCollisionMaterial.uasset" 298
"../../../Engine/Content/EditorMaterials/PhAT_UnselectedMaterial.uasset" 299
"../../../Engine/Content/EditorMaterials/Tick.uasset" 300
"../../../Engine/Content/EditorMaterials/Tick_Mat.uasset" 301
"../../../Engine/Content/EditorMaterials/WidgetGridVertexColorMaterial.uasset" 302
"../../../Engine/Content/EditorMaterials/WidgetGridVertexColorMaterial_Ma.uasset" 303
"../../../Engine/Content/EditorMaterials/WidgetMaterial.uasset" 304
"../../../Engine/Content/EditorMaterials/WidgetMaterial_Current.uasset" 305
"../../../Engine/Content/EditorMaterials/WidgetMaterial_X.uasset" 306
"../../../Engine/Content/EditorMaterials/WidgetMaterial_Y.uasset" 307
"../../../Engine/Content/EditorMaterials/WidgetMaterial_Z.uasset" 308
"../../../Engine/Content/EditorMaterials/WidgetVertexColorMaterial.uasset" 309
"../../../Engine/Content/EditorMaterials/CompositeARGBLayer.uasset" 310
"../../../Engine/Content/EditorMaterials/TilingAALineIntegral.uasset" 311
"../../../Engine/Content/EditorMaterials/TilingAALineBoxFiltered.uasset" 312
"../../../Engine/Content/Functions/Engine_MaterialFunctions03/Procedurals/ComputeFilterWidth.uasset" 313
"../../../Engine/Content/EditorMaterials/TilingAADots.uasset" 314
"../../../Engine/Content/EditorMaterials/Cascade/CASC_Cross.uasset" 315
"../../../Engine/Content/EditorMaterials/Cascade/CASC_None.uasset" 316
"../../../Engine/Content/Functions/Engine_MaterialFunctions03/Blends/Blend_Screen.uasset" 317
"../../../Engine/Content/EditorMaterials/TilingAAGrid.uasset" 318
"../../../Engine/Content/EditorMaterials/LevelGridMaterial.uasset" 319
"../../../Engine/Content/EditorResources/SmallFont.uasset" 320
"../../../Engine/Content/EditorResources/S_KBSJoint.uasset" 321
"../../../Engine/Content/EditorResources/S_KHinge.uasset" 322
"../../../Engine/Content/EditorResources/S_KPrismatic.uasset" 323
"../../../Engine/Content/EditorResources/LightIcons/S_LightError.uasset" 324
"../../../Engine/Content/EditorResources/Spline/T_Loft_Spline.uasset" 325
"../../../Engine/Content/EngineMaterials/BlinkingCaret.uasset" 326
"../../../Engine/Content/EngineMaterials/Grid_N.uasset" 327
"../../../Engine/Content/EngineMaterials/LandscapeHolePhysicalMaterial.uasset" 328
"../../../Engine/Content/EngineMaterials/PaperDiffuse.uasset" 329
"../../../Engine/Content/EngineMaterials/PaperNormal.uasset" 330
"../../../Engine/Content/EngineMaterials/PhysMat_Rubber.uasset" 331
"../../../Engine/Content/EngineFonts/SmallFont.uasset" 332
"../../../Engine/Content/EngineFonts/TinyFont.uasset" 333
"../../../Engine/Content/EngineResources/StreamingPauseIcon.uasset" 334
"../../../Engine/Content/EngineResources/M_StreamingPause.uasset" 335
"../../../Engine/Content/EditorLandscapeResources/DefaultAlphaTexture.uasset" 336
"../../../Engine/Content/EngineSky/C_Sky_Cloud_Color.uasset" 337
"../../../Engine/Content/EngineSky/C_Sky_Horizon_Color.uasset" 338
"../../../Engine/Content/EngineSky/C_Sky_Zenith_Color.uasset" 339
"../../../Engine/Content/EngineSky/T_Sky_Blue.uasset" 340
"../../../Engine/Content/EngineSky/T_Sky_Clouds_M.uasset" 341
"../../../Engine/Content/EngineSky/T_Sky_Stars.uasset" 342
"../../../Engine/Content/EngineSky/SM_SkySphere.uasset" 343
"../../../Engine/Content/EngineSky/M_Sky_Panning_Clouds2.uasset" 344
"../../../Engine/Content/EngineSky/BP_Sky_Sphere.uasset" 345
"../../../Engine/Content/MapTemplates/SM_Template_Map_Floor.uasset" 346
"../../../Engine/Content/EditorResources/EmptyActor.uasset" 347
"../../../Engine/Content/BasicShapes/Cone.uasset" 348
"../../../Engine/Content/Tutorial/Basics/LevelEditorAttract.uasset" 349
"../../../Engine/Content/Tutorial/SubEditors/TutorialAssets/icon_Editor_Preferences_General_40x.uasset" 350
"../../../Engine/Content/Tutorial/Paper2D/TutorialAssets/Paper2DSprite_TutorialIcon.uasset" 351
"../../../Engine/Content/Tutorial/SubEditors/TutorialAssets/icon_ShowSkeletalMeshes_40x.uasset" 352
"../../../Engine/Content/Tutorial/Landscape/TutorialAssets/Landscape.uasset" 353
"../../../Engine/Content/Tutorial/Foliage/TutorialAssets/Foliage.uasset" 354
"../../../Engine/Content/Tutorial/Basics/TutorialAssets/icon_tab_Levels_40x.uasset" 355
"../../../Engine/Content/Tutorial/Basics/LevelEditorOverview.uasset" 356
"../../../Engine/Content/EditorMaterials/MakeCompositeARGBLayer.uasset" 357
"../../../Engine/Content/EditorResources/LevelGrid1DStripes.uasset" 358
"../../../Engine/Content/EditorMaterials/TextureGridCascaded1D.uasset" 359
"../../../Engine/Content/EditorMaterials/TextureGridCascaded2D.uasset" 360
"../../../Engine/Content/EditorMaterials/LevelGridMaterial2.uasset" 361
"../../../Engine/Content/Tutorial/BlueprintTutorials/TutorialAssets/Blueprint_64x.uasset" 362
"../../../Engine/Content/Tutorial/BlueprintTutorials/BlueprintEditorTutorial.uasset" 363
"../../../Engine/Content/EditorResources/SimplygonLogo.uasset" 364
"../../../Engine/Content/EditorMaterials/AntialiasedGridFloor.uasset" 365
"../../../Engine/Content/EditorResources/TilePatine_D.uasset" 366
"../../../Engine/Content/EditorResources/TilePatine_N.uasset" 367
"../../../Engine/Content/EditorMaterials/PersonaFloorMat.uasset" 368
"../../../Engine/Content/EditorMaterials/GridMaterial.uasset" 369
"../../../Engine/Content/EditorMeshes/PhAT_FloorBox.uasset" 370
"../../../Engine/Content/Functions/Engine_MaterialFunctions02/Utility/BumpOffset_Advanced.uasset" 371
"../../../Engine/Content/ArtTools/RenderToTexture/Enums/RenderToTexture_Imposter_Enum.uasset" 372
"../../../Engine/Content/ArtTools/RenderToTexture/Enums/RenderToTexture_Flipbook_Enum.uasset" 373
"../../../Engine/Content/ArtTools/RenderToTexture/Enums/RenderToTexture_Enum.uasset" 374
"../../../Engine/Content/Functions/Engine_MaterialFunctions01/ImageAdjustment/CheapContrast.uasset" 375
"../../../Engine/Content/Functions/Engine_MaterialFunctions02/Texturing/HeightLerpWithTwoHeightMaps.uasset" 376
"../../../Engine/Content/Tutorial/BlueprintTutorials/TutorialAssets/Tutorial_BP_MacroLib.uasset" 377
"../../../Engine/Content/EditorBlueprintResources/ActorMacros.uasset" 378
"../../../Engine/Content/Functions/Engine_MaterialFunctions02/Math/AddComponents.uasset" 379
"../../../Engine/Content/Functions/Engine_MaterialFunctions02/SafeNormalize.uasset" 380
"../../../Engine/Content/Functions/Engine_MaterialFunctions02/WorldPositionOffset/ObjectScale.uasset" 381
"../../../Engine/Content/Functions/Engine_MaterialFunctions02/WorldPositionOffset/Wind.uasset" 382
"../../../Engine/Content/Functions/Engine_MaterialFunctions02/PivotPainter/PivotPainter_TreeData.uasset" 383
"../../../Engine/Content/Functions/Engine_MaterialFunctions02/ObjectLocalToWorldData.uasset" 384
"../../../Engine/Content/Functions/Engine_MaterialFunctions02/PivotPainter/PivotPainter_PerObjectFoliageData.uasset" 385
"../../../Engine/Content/Functions/Engine_MaterialFunctions02/PivotPainter/PivotPainter_HierarchyData.uasset" 386
"../../../Engine/Content/Functions/Engine_MaterialFunctions02/Gradients/SmoothCurve.uasset" 387
"../../../Engine/Content/Functions/Engine_MaterialFunctions02/Math/TimeWithSpeedVariable.uasset" 388
"../../../Engine/Content/Functions/Engine_MaterialFunctions02/SteppingPannerTime.uasset" 389
"../../../Engine/Content/Functions/Engine_MaterialFunctions02/Math/MakeVectorsOrthogonal.uasset" 390
"../../../Engine/Content/Functions/Engine_MaterialFunctions02/Utility/BreakOutFloat3Components.uasset" 391
"../../../Engine/Content/Functions/Engine_MaterialFunctions02/Math/Transform3x3Matrix.uasset" 392
"../../../Engine/Content/Functions/Engine_MaterialFunctions02/Utility/CameraDirectionVector.uasset" 393
"../../../Engine/Content/Functions/Engine_MaterialFunctions02/Utility/VectorToRadialValue.uasset" 394
"../../../Engine/Content/Functions/Engine_MaterialFunctions02/AlignFacingParticlesByVelocity2D.uasset" 395
"../../../Engine/Content/Functions/Engine_MaterialFunctions01/WorldPositionOffset/SimpleGrassWind.uasset" 396
"../../../Engine/Content/Functions/Engine_MaterialFunctions01/WorldPositionOffset/ConstantScalebyDistance.uasset" 397
"../../../Engine/Content/Functions/Engine_MaterialFunctions01/Vectors/MF_RotateVector_90.uasset" 398
"../../../Engine/Content/Functions/Engine_MaterialFunctions01/Texturing/BakedDisplacement.uasset" 399
"../../../Engine/Content/Functions/Engine_MaterialFunctions01/Shading/MetallicShading.uasset" 400
"../../../Engine/Content/Functions/Engine_MaterialFunctions01/Shading/FuzzyShading.uasset" 401
"../../../Engine/Content/Functions/Engine_MaterialFunctions01/Reflections/ViewAlignedReflection.uasset" 402
"../../../Engine/Content/Functions/Engine_MaterialFunctions01/Opacity/AlphaOffset.uasset" 403
"../../../Engine/Content/Functions/Engine_MaterialFunctions01/ImageAdjustment/BlurSampleOffsets.uasset" 404
"../../../Engine/Content/Functions/Engine_MaterialFunctions01/ImageAdjustment/SceneTextureAverage.uasset" 405
"../../../Engine/Content/EditorMaterials/T_1x1_Grid.uasset" 406
"../../../Engine/Content/Functions/Engine_MaterialFunctions01/Debug/PlotFunctionOnGraph_Setup_Input.uasset" 407
"../../../Engine/Content/ArtTools/RenderToTexture/Enums/EFloatTypes.uasset" 408
"../../../Engine/Content/ArtTools/RenderToTexture/Macros/RenderToTextureMacros.uasset" 409
"../../../Engine/Content/Functions/Engine_MaterialFunctions01/Debug/PlotFunctionOnGraph.uasset" 410
"../../../Engine/Content/Functions/Engine_MaterialFunctions01/Coordinates/UVRemap_0-1_ToRange.uasset" 411
"../../../Engine/Content/Tutorial/SubEditors/MaterialEditorTutorial.uasset" 412
"../../../Engine/Content/Tutorial/SubEditors/StaticMeshEditorTutorial.uasset" 413
"../../../RoistoGame2/Content/Models/Towers/hex_norm.uasset" 414
"../../../RoistoGame2/Content/Particles/Player/P_PlayerDestruction.uasset" 415
"../../../Engine/Content/Functions/Engine_MaterialFunctions01/Texturing/TextureCropping.uasset" 416
"../../../Engine/Content/Functions/Engine_MaterialFunctions01/Texturing/ComputeMipLevel.uasset" 417
"../../../Engine/Content/Functions/Engine_MaterialFunctions02/ExampleContent/DebugNumberStrip.uasset" 418
"../../../Engine/Content/Functions/Engine_MaterialFunctions02/ExampleContent/Textures/DebugNumberPeriod.uasset" 419
"../../../Engine/Content/Functions/Engine_MaterialFunctions02/Utility/DebugScalarValues.uasset" 420
"../../../Engine/Content/Functions/Engine_MaterialFunctions02/Utility/DebugFloat2Values.uasset" 421
"../../../Engine/Content/Functions/Engine_MaterialFunctions02/Utility/BreakOutFloat4Components.uasset" 422
"../../../Engine/Content/Functions/Engine_MaterialFunctions02/Utility/DebugFloat4Values.uasset" 423
"../../../Engine/Content/Functions/Engine_MaterialFunctions02/Utility/DebugFloat3Values.uasset" 424
"../../../Engine/Content/Functions/Engine_MaterialFunctions02/Texturing/ScreenAlignedPixelToPixelUVs.uasset" 425
"../../../Engine/Content/EngineMaterials/Good64x64TilingNoiseHighFreq.uasset" 426
"../../../Engine/Content/Functions/Engine_MaterialFunctions02/Utility/DitherTemporalAA.uasset" 427
"../../../Engine/Content/Functions/Engine_MaterialFunctions02/Utility/DynamicBranch.uasset" 428
"../../../Engine/Content/Functions/Engine_MaterialFunctions02/Utility/LinearSine.uasset" 429
"../../../Engine/Content/Functions/Engine_MaterialFunctions02/Utility/MakeFloat4.uasset" 430
"../../../Engine/Content/Functions/Engine_MaterialFunctions02/Utility/Sine_Remapped.uasset" 431
"../../../Engine/Content/Functions/Engine_MaterialFunctions02/Utility/SumOfAConsecutiveNumberSequence.uasset" 432
"../../../Engine/Content/Functions/Engine_MaterialFunctions02/ObjectLocalBounds.uasset" 433
"../../../Engine/Content/Functions/Engine_MaterialFunctions02/UVs/BoundingBoxBased_0-1_UVW.uasset" 434
"../../../Engine/Content/Functions/Engine_MaterialFunctions02/UVs/PanTextureCoordinateChannelfrom-1toN+1.uasset" 435
"../../../Engine/Content/Functions/Engine_MaterialFunctions02/UVs/PanTextureCoordinateFrom-1toN+1.uasset" 436
"../../../Engine/Content/Functions/Engine_MaterialFunctions02/UVs/UVBrickPatterns.uasset" 437
"../../../Engine/Content/Functions/Engine_MaterialFunctions02/Math/InverseTransformMatrix.uasset" 438
"../../../Engine/Content/Functions/Engine_MaterialFunctions02/Utility/CameraVectorWithWPOOptions.uasset" 439
"../../../Engine/Content/Functions/Engine_MaterialFunctions02/WorldPositionOffset/ComponentPivotLocation.uasset" 440
"../../../Engine/Content/Functions/Engine_MaterialFunctions02/WorldPositionOffset/AlignMeshToTheCamera.uasset" 441
"../../../Engine/Content/Functions/Engine_MaterialFunctions02/WorldPositionOffset/AttachMeshToTheCamera.uasset" 442
"../../../Engine/Content/Functions/Engine_MaterialFunctions02/WorldPositionOffset/ComponentBasisVectors.uasset" 443
"../../../Engine/Content/Functions/Engine_MaterialFunctions02/WorldPositionOffset/StaticMeshMorphTargets.uasset" 444
"../../../Engine/Content/Functions/Engine_MaterialFunctions02/WorldPositionOffset/UVLayoutToWorldSpacePosition.uasset" 445
"../../../Engine/Content/Functions/Engine_MaterialFunctions03/Blends/Blend_ColorBurn.uasset" 446
"../../../Engine/Content/EditorMaterials/CASC_ModuleEnab_2.uasset" 447
"../../../Engine/Content/Functions/Engine_MaterialFunctions03/Blends/Blend_LinearLight.uasset" 448
"../../../Engine/Content/Functions/Engine_MaterialFunctions03/Blends/Lerp_ScratchGrime.uasset" 449
"../../../Engine/Content/Functions/Engine_MaterialFunctions03/Particles/Distance_Blend.uasset" 450
"../../../Engine/Content/Functions/Engine_MaterialFunctions03/Procedurals/NormalFromFunction.uasset" 451
"../../../Engine/Content/Functions/Engine_MaterialFunctions03/Procedurals/NormalFromHeightmap.uasset" 452
"../../../Engine/Content/Functions/Engine_MaterialFunctions03/Procedurals/PerturbNormalHQ.uasset" 453
"../../../Engine/Content/EngineResources/DefaultTexture.uasset" 454
"../../../Engine/Content/Functions/Engine_MaterialFunctions03/Texturing/WorldCoordinate3Way.uasset" 455
"../../../Engine/Content/Functions/GetPostProcessFunctions/GetAmbientCubemapIntensity.uasset" 456
"../../../Engine/Content/Functions/GetPostProcessFunctions/GetAmbientCubemapTint.uasset" 457
"../../../Engine/Content/Functions/MaterialLayerFunctions/MatLayerBlend_BreakBaseColor.uasset" 458
"../../../Engine/Content/Functions/MaterialLayerFunctions/MatLayerBlend_BreakNormal.uasset" 459
"../../../Engine/Content/Functions/MaterialLayerFunctions/MatLayerBlend_LightmassReplace.uasset" 460
"../../../Engine/Content/Functions/Engine_MaterialFunctions02/Utility/BlendAngleCorrectedNormals.uasset" 461
"../../../Engine/Content/Functions/MaterialLayerFunctions/MatLayerBlend_NormalBlend.uasset" 462
"../../../Engine/Content/Functions/MaterialLayerFunctions/MatLayerBlend_OverrideDisplacement.uasset" 463
"../../../Engine/Content/Functions/MaterialLayerFunctions/MatLayerBlend_OverrideOpacityMask.uasset" 464
"../../../Engine/Content/Functions/MaterialLayerFunctions/MatLayerBlend_OverrideSubSurface.uasset" 465
"../../../Engine/Content/Functions/MaterialLayerFunctions/MatLayerBlend_OverrideWorldPositionOffset.uasset" 466
"../../../Engine/Content/Functions/MaterialLayerFunctions/MatLayerBlend_RoughnessOverride.uasset" 467
"../../../Engine/Content/Functions/MaterialLayerFunctions/MatLayerBlend_Simple.uasset" 468
"../../../Engine/Content/Functions/MaterialLayerFunctions/MatLayerBlend_TopNormal.uasset" 469
"../../../Engine/Content/EditorResources/BadBlueprintSprite.uasset" 470
"../../../Engine/Content/EditorSounds/GamePreview/EndPlayInEditor.uasset" 471
"../../../Engine/Content/EditorSounds/GamePreview/EndPlayInEditor_Cue.uasset" 472
"../../../Engine/Content/EditorSounds/GamePreview/StartPlayInEditor.uasset" 473
"../../../Engine/Content/EditorSounds/GamePreview/StartPlayInEditor_Cue.uasset" 474
"../../../Engine/Content/EditorSounds/GamePreview/EjectFromPlayer.uasset" 475
"../../../Engine/Content/EditorSounds/GamePreview/EjectFromPlayer_Cue.uasset" 476
"../../../Engine/Content/EditorSounds/GamePreview/EndSimulate.uasset" 477
"../../../Engine/Content/EditorSounds/GamePreview/EndSimulate_Cue.uasset" 478
"../../../Engine/Content/EditorSounds/GamePreview/PossessPlayer.uasset" 479
"../../../Engine/Content/EditorSounds/GamePreview/PossessPlayer_Cue.uasset" 480
"../../../Engine/Content/MobileResources/T_MobileMenu2.uasset" 481
"../../../Engine/Content/MobileResources/HUD/MobileHUDDirectionPad.uasset" 482
"../../../Engine/Content/MobileResources/HUD/MobileHUDButton2_off.uasset" 483
"../../../Engine/Content/MobileResources/HUD/T_Castle_ThumbstickInner.uasset" 484
"../../../Engine/Content/MobileResources/HUD/MobileHUDButton1_off.uasset" 485
"../../../Engine/Content/MobileResources/HUD/MobileHUDButton3.uasset" 486
"../../../Engine/Content/MobileResources/HUD/MobileHUDDirectionPad3.uasset" 487
"../../../Engine/Content/MobileResources/T_MobileControls_texture.uasset" 488
"../../../Engine/Content/MobileResources/HUD/AnalogHat.uasset" 489
"../../../Engine/Content/MobileResources/HUD/VirtualJoystick_Background.uasset" 490
"../../../Engine/Content/MobileResources/HUD/VirtualJoystick_Thumb.uasset" 491
"../../../Engine/Content/MobileResources/HUD/DefaultVirtualJoysticks.uasset" 492
"../../../Engine/Content/MobileResources/HUD/LeftVirtualJoystickOnly.uasset" 493
"../../../Engine/Content/MobileResources/HUD/MobileHUDButton1_on.uasset" 494
"../../../Engine/Content/MobileResources/HUD/MobileHUDButton2_on.uasset" 495
"../../../Engine/Content/MobileResources/HUD/MobileHUDButtonFire.uasset" 496
"../../../Engine/Content/MobileResources/HUD/MobileHUDDirectionPad2.uasset" 497
"../../../Engine/Content/MobileResources/HUD/MobileHUDDirectionStick.uasset" 498
"../../../Engine/Content/MobileResources/HUD/T_Castle_ThumbstickOutter.uasset" 499
